<?xml version="1.0" encoding="UTF-8"?>
<!-- Generated by org.testng.reporters.JUnitXMLReporter -->
<testsuite ignored="4" hostname="LAPTOP-MDM1H7HV" failures="0" tests="1" name="Command line test" time="12.784" errors="0" timestamp="2019-11-19T19:13:39 ART">
  <testcase classname="testsProductos.SearchItemsTest" name="esperarElemento" time="3.152"/>
  <testcase classname="testsProductos.SearchItemsTest" name="ejercicioTarea" time="0.0">
    <ignored/>
  </testcase> <!-- ejercicioTarea -->
  <testcase classname="testsProductos.SearchItemsTest" name="searchNoResults" time="0.0">
    <ignored/>
  </testcase> <!-- searchNoResults -->
  <testcase classname="testsProductos.SearchItemsTest" name="findClothes" time="0.0">
    <ignored/>
  </testcase> <!-- findClothes -->
  <testcase classname="testsProductos.SearchItemsTest" name="clickWomen" time="0.0">
    <ignored/>
  </testcase> <!-- clickWomen -->
</testsuite> <!-- Command line test -->
