<?xml version="1.0" encoding="UTF-8"?>
<!-- Generated by org.testng.reporters.JUnitXMLReporter -->
<testsuite ignored="3" hostname="LAPTOP-MDM1H7HV" failures="0" tests="4" name="Command line test" time="46.403" errors="0" timestamp="2019-11-19T19:46:57 ART">
  <testcase classname="testsProductos.SearchItemsTest" name="clickWomen" time="1.673"/>
  <testcase classname="testsProductos.WomenSearchTest" name="womanSearchByPriceLowerFirst" time="0.155"/>
  <testcase classname="testsProductos.WomenSearchTest" name="womanSearchByReference" time="0.123"/>
  <testcase classname="testsProductos.WomenSearchTest" name="womanSearchByStock" time="0.13"/>
  <testcase classname="testsProductos.SearchItemsTest" name="ejercicioTarea" time="0.0">
    <ignored/>
  </testcase> <!-- ejercicioTarea -->
  <testcase classname="testsProductos.SearchItemsTest" name="searchNoResults" time="0.0">
    <ignored/>
  </testcase> <!-- searchNoResults -->
  <testcase classname="testsProductos.SearchItemsTest" name="findClothes" time="0.0">
    <ignored/>
  </testcase> <!-- findClothes -->
</testsuite> <!-- Command line test -->
