<?xml version="1.0" encoding="UTF-8"?>
<testng-results ignored="0" total="4" passed="3" failed="1" skipped="0">
  <reporter-output>
    <line>
      <![CDATA[Voy a seleccionar el color 3]]>
    </line>
    <line>
      <![CDATA[Ya seleccione el color 3]]>
    </line>
    <line>
      <![CDATA[Looking for stock articles]]>
    </line>
    <line>
      <![CDATA[Voy a intentar que true sea false]]>
    </line>
  </reporter-output>
  <suite started-at="2019-11-19T21:10:46 ART" name="testsProductos.WomenSearchTest" finished-at="2019-11-19T21:11:36 ART" duration-ms="50164">
    <groups>
    </groups>
    <test started-at="2019-11-19T21:10:46 ART" name="Command line test" finished-at="2019-11-19T21:11:36 ART" duration-ms="50164">
      <class name="testsProductos.WomenSearchTest">
        <test-method is-config="true" signature="setUp()[pri:0, instance:testsProductos.WomenSearchTest@6121c9d6]" started-at="2019-11-19T21:10:46 ART" name="setUp" finished-at="2019-11-19T21:10:58 ART" duration-ms="11481" status="PASS">
          <reporter-output>
          </reporter-output>
        </test-method> <!-- setUp -->
        <test-method signature="seeColorChecksLocated()[pri:0, instance:testsProductos.WomenSearchTest@6121c9d6]" started-at="2019-11-19T21:10:58 ART" name="seeColorChecksLocated" description="see if elements are located" finished-at="2019-11-19T21:10:58 ART" duration-ms="109" status="PASS">
          <reporter-output>
            <line>
              <![CDATA[Voy a seleccionar el color 3]]>
            </line>
            <line>
              <![CDATA[Ya seleccione el color 3]]>
            </line>
          </reporter-output>
        </test-method> <!-- seeColorChecksLocated -->
        <test-method is-config="true" signature="tearDown()[pri:0, instance:testsProductos.WomenSearchTest@6121c9d6]" started-at="2019-11-19T21:10:58 ART" name="tearDown" finished-at="2019-11-19T21:10:59 ART" duration-ms="684" status="PASS">
          <reporter-output>
          </reporter-output>
        </test-method> <!-- tearDown -->
        <test-method is-config="true" signature="setUp()[pri:0, instance:testsProductos.WomenSearchTest@6121c9d6]" started-at="2019-11-19T21:10:59 ART" name="setUp" finished-at="2019-11-19T21:11:11 ART" duration-ms="12375" status="PASS">
          <reporter-output>
          </reporter-output>
        </test-method> <!-- setUp -->
        <test-method signature="womanSearchByPriceLowerFirst()[pri:0, instance:testsProductos.WomenSearchTest@6121c9d6]" started-at="2019-11-19T21:11:11 ART" name="womanSearchByPriceLowerFirst" description="woman search by price lower first" finished-at="2019-11-19T21:11:11 ART" duration-ms="159" status="PASS">
          <reporter-output>
          </reporter-output>
        </test-method> <!-- womanSearchByPriceLowerFirst -->
        <test-method is-config="true" signature="tearDown()[pri:0, instance:testsProductos.WomenSearchTest@6121c9d6]" started-at="2019-11-19T21:11:11 ART" name="tearDown" finished-at="2019-11-19T21:11:12 ART" duration-ms="669" status="PASS">
          <reporter-output>
          </reporter-output>
        </test-method> <!-- tearDown -->
        <test-method is-config="true" signature="setUp()[pri:0, instance:testsProductos.WomenSearchTest@6121c9d6]" started-at="2019-11-19T21:11:12 ART" name="setUp" finished-at="2019-11-19T21:11:22 ART" duration-ms="10554" status="PASS">
          <reporter-output>
          </reporter-output>
        </test-method> <!-- setUp -->
        <test-method signature="womanSearchByReference()[pri:0, instance:testsProductos.WomenSearchTest@6121c9d6]" started-at="2019-11-19T21:11:22 ART" name="womanSearchByReference" description="woman search by reference" finished-at="2019-11-19T21:11:23 ART" duration-ms="195" status="PASS">
          <reporter-output>
          </reporter-output>
        </test-method> <!-- womanSearchByReference -->
        <test-method is-config="true" signature="tearDown()[pri:0, instance:testsProductos.WomenSearchTest@6121c9d6]" started-at="2019-11-19T21:11:23 ART" name="tearDown" finished-at="2019-11-19T21:11:23 ART" duration-ms="781" status="PASS">
          <reporter-output>
          </reporter-output>
        </test-method> <!-- tearDown -->
        <test-method is-config="true" signature="setUp()[pri:0, instance:testsProductos.WomenSearchTest@6121c9d6]" started-at="2019-11-19T21:11:23 ART" name="setUp" finished-at="2019-11-19T21:11:35 ART" duration-ms="12052" status="PASS">
          <reporter-output>
          </reporter-output>
        </test-method> <!-- setUp -->
        <test-method signature="womanSearchByStock()[pri:0, instance:testsProductos.WomenSearchTest@6121c9d6]" started-at="2019-11-19T21:11:35 ART" name="womanSearchByStock" description="woman search by stock" finished-at="2019-11-19T21:11:36 ART" duration-ms="226" status="FAIL">
          <exception class="java.lang.AssertionError">
            <message>
              <![CDATA[El test fallo did not expect to find [true] but found [false]]]>
            </message>
            <full-stacktrace>
              <![CDATA[java.lang.AssertionError: El test fallo did not expect to find [true] but found [false]
at org.testng.Assert.fail(Assert.java:97)
at org.testng.Assert.failNotEquals(Assert.java:969)
at org.testng.Assert.assertTrue(Assert.java:43)
at testsProductos.WomenSearchTest.womanSearchByStock(WomenSearchTest.java:47)
at java.base/jdk.internal.reflect.NativeMethodAccessorImpl.invoke0(Native Method)
at java.base/jdk.internal.reflect.NativeMethodAccessorImpl.invoke(NativeMethodAccessorImpl.java:62)
at java.base/jdk.internal.reflect.DelegatingMethodAccessorImpl.invoke(DelegatingMethodAccessorImpl.java:43)
at java.base/java.lang.reflect.Method.invoke(Method.java:567)
at org.testng.internal.MethodInvocationHelper.invokeMethod(MethodInvocationHelper.java:133)
at org.testng.internal.TestInvoker.invokeMethod(TestInvoker.java:584)
at org.testng.internal.TestInvoker.invokeTestMethod(TestInvoker.java:172)
at org.testng.internal.MethodRunner.runInSequence(MethodRunner.java:46)
at org.testng.internal.TestInvoker$MethodInvocationAgent.invoke(TestInvoker.java:804)
at org.testng.internal.TestInvoker.invokeTestMethods(TestInvoker.java:145)
at org.testng.internal.TestMethodWorker.invokeTestMethods(TestMethodWorker.java:146)
at org.testng.internal.TestMethodWorker.run(TestMethodWorker.java:128)
at java.base/java.util.ArrayList.forEach(ArrayList.java:1507)
at org.testng.TestRunner.privateRun(TestRunner.java:770)
at org.testng.TestRunner.run(TestRunner.java:591)
at org.testng.SuiteRunner.runTest(SuiteRunner.java:402)
at org.testng.SuiteRunner.runSequentially(SuiteRunner.java:396)
at org.testng.SuiteRunner.privateRun(SuiteRunner.java:355)
at org.testng.SuiteRunner.run(SuiteRunner.java:304)
at org.testng.SuiteRunnerWorker.runSuite(SuiteRunnerWorker.java:53)
at org.testng.SuiteRunnerWorker.run(SuiteRunnerWorker.java:96)
at org.testng.TestNG.runSuitesSequentially(TestNG.java:1180)
at org.testng.TestNG.runSuitesLocally(TestNG.java:1102)
at org.testng.TestNG.runSuites(TestNG.java:1032)
at org.testng.TestNG.run(TestNG.java:1000)
at org.apache.maven.surefire.testng.TestNGExecutor.run(TestNGExecutor.java:77)
at org.apache.maven.surefire.testng.TestNGDirectoryTestSuite.execute(TestNGDirectoryTestSuite.java:110)
at org.apache.maven.surefire.testng.TestNGProvider.invoke(TestNGProvider.java:106)
at java.base/jdk.internal.reflect.NativeMethodAccessorImpl.invoke0(Native Method)
at java.base/jdk.internal.reflect.NativeMethodAccessorImpl.invoke(NativeMethodAccessorImpl.java:62)
at java.base/jdk.internal.reflect.DelegatingMethodAccessorImpl.invoke(DelegatingMethodAccessorImpl.java:43)
at java.base/java.lang.reflect.Method.invoke(Method.java:567)
at org.apache.maven.surefire.util.ReflectionUtils.invokeMethodWithArray(ReflectionUtils.java:189)
at org.apache.maven.surefire.booter.ProviderFactory$ProviderProxy.invoke(ProviderFactory.java:165)
at org.apache.maven.surefire.booter.ProviderFactory.invokeProvider(ProviderFactory.java:85)
at org.apache.maven.surefire.booter.ForkedBooter.runSuitesInProcess(ForkedBooter.java:115)
at org.apache.maven.surefire.booter.ForkedBooter.main(ForkedBooter.java:75)
]]>
            </full-stacktrace>
          </exception> <!-- java.lang.AssertionError -->
          <reporter-output>
            <line>
              <![CDATA[Looking for stock articles]]>
            </line>
            <line>
              <![CDATA[Voy a intentar que true sea false]]>
            </line>
          </reporter-output>
        </test-method> <!-- womanSearchByStock -->
        <test-method is-config="true" signature="tearDown()[pri:0, instance:testsProductos.WomenSearchTest@6121c9d6]" started-at="2019-11-19T21:11:36 ART" name="tearDown" finished-at="2019-11-19T21:11:36 ART" duration-ms="832" status="PASS">
          <reporter-output>
          </reporter-output>
        </test-method> <!-- tearDown -->
      </class> <!-- testsProductos.WomenSearchTest -->
    </test> <!-- Command line test -->
  </suite> <!-- testsProductos.WomenSearchTest -->
</testng-results>
